<?xml version="1.0" encoding="UTF-8"?>
<testsuite xmlns:xsi="http://www.w3.org/2001/XMLSchema-instance" xsi:noNamespaceSchemaLocation="https://maven.apache.org/surefire/maven-surefire-plugin/xsd/surefire-test-report.xsd" name="org.spring.demo.DemoTest" time="0.009" tests="1" errors="0" skipped="0" failures="0">
  <properties>
    <property name="sun.desktop" value="windows"/>
    <property name="awt.toolkit" value="sun.awt.windows.WToolkit"/>
    <property name="file.encoding.pkg" value="sun.io"/>
    <property name="java.specification.version" value="1.8"/>
    <property name="sun.cpu.isalist" value="amd64"/>
    <property name="sun.jnu.encoding" value="GBK"/>
    <property name="java.class.path" value="H:\git\springboot\springboot-log\target\test-classes;H:\git\springboot\springboot-log\target\classes;E:\mvnrepository\org\springframework\boot\spring-boot-starter-web\2.2.4.RELEASE\spring-boot-starter-web-2.2.4.RELEASE.jar;E:\mvnrepository\org\springframework\boot\spring-boot-starter\2.2.4.RELEASE\spring-boot-starter-2.2.4.RELEASE.jar;E:\mvnrepository\org\springframework\boot\spring-boot\2.2.4.RELEASE\spring-boot-2.2.4.RELEASE.jar;E:\mvnrepository\org\springframework\boot\spring-boot-autoconfigure\2.2.4.RELEASE\spring-boot-autoconfigure-2.2.4.RELEASE.jar;E:\mvnrepository\org\springframework\boot\spring-boot-starter-logging\2.2.4.RELEASE\spring-boot-starter-logging-2.2.4.RELEASE.jar;E:\mvnrepository\ch\qos\logback\logback-classic\1.2.3\logback-classic-1.2.3.jar;E:\mvnrepository\ch\qos\logback\logback-core\1.2.3\logback-core-1.2.3.jar;E:\mvnrepository\org\apache\logging\log4j\log4j-to-slf4j\2.12.1\log4j-to-slf4j-2.12.1.jar;E:\mvnrepository\org\apache\logging\log4j\log4j-api\2.12.1\log4j-api-2.12.1.jar;E:\mvnrepository\org\slf4j\jul-to-slf4j\1.7.30\jul-to-slf4j-1.7.30.jar;E:\mvnrepository\jakarta\annotation\jakarta.annotation-api\1.3.5\jakarta.annotation-api-1.3.5.jar;E:\mvnrepository\org\yaml\snakeyaml\1.25\snakeyaml-1.25.jar;E:\mvnrepository\org\springframework\boot\spring-boot-starter-json\2.2.4.RELEASE\spring-boot-starter-json-2.2.4.RELEASE.jar;E:\mvnrepository\com\fasterxml\jackson\core\jackson-databind\2.10.2\jackson-databind-2.10.2.jar;E:\mvnrepository\com\fasterxml\jackson\core\jackson-annotations\2.10.2\jackson-annotations-2.10.2.jar;E:\mvnrepository\com\fasterxml\jackson\core\jackson-core\2.10.2\jackson-core-2.10.2.jar;E:\mvnrepository\com\fasterxml\jackson\datatype\jackson-datatype-jdk8\2.10.2\jackson-datatype-jdk8-2.10.2.jar;E:\mvnrepository\com\fasterxml\jackson\datatype\jackson-datatype-jsr310\2.10.2\jackson-datatype-jsr310-2.10.2.jar;E:\mvnrepository\com\fasterxml\jackson\module\jackson-module-parameter-names\2.10.2\jackson-module-parameter-names-2.10.2.jar;E:\mvnrepository\org\springframework\boot\spring-boot-starter-tomcat\2.2.4.RELEASE\spring-boot-starter-tomcat-2.2.4.RELEASE.jar;E:\mvnrepository\org\apache\tomcat\embed\tomcat-embed-core\9.0.30\tomcat-embed-core-9.0.30.jar;E:\mvnrepository\org\apache\tomcat\embed\tomcat-embed-el\9.0.30\tomcat-embed-el-9.0.30.jar;E:\mvnrepository\org\apache\tomcat\embed\tomcat-embed-websocket\9.0.30\tomcat-embed-websocket-9.0.30.jar;E:\mvnrepository\org\springframework\boot\spring-boot-starter-validation\2.2.4.RELEASE\spring-boot-starter-validation-2.2.4.RELEASE.jar;E:\mvnrepository\jakarta\validation\jakarta.validation-api\2.0.2\jakarta.validation-api-2.0.2.jar;E:\mvnrepository\org\hibernate\validator\hibernate-validator\6.0.18.Final\hibernate-validator-6.0.18.Final.jar;E:\mvnrepository\org\springframework\spring-web\5.2.3.RELEASE\spring-web-5.2.3.RELEASE.jar;E:\mvnrepository\org\springframework\spring-beans\5.2.3.RELEASE\spring-beans-5.2.3.RELEASE.jar;E:\mvnrepository\org\springframework\spring-webmvc\5.2.3.RELEASE\spring-webmvc-5.2.3.RELEASE.jar;E:\mvnrepository\org\springframework\spring-aop\5.2.3.RELEASE\spring-aop-5.2.3.RELEASE.jar;E:\mvnrepository\org\springframework\spring-context\5.2.3.RELEASE\spring-context-5.2.3.RELEASE.jar;E:\mvnrepository\org\springframework\spring-expression\5.2.3.RELEASE\spring-expression-5.2.3.RELEASE.jar;E:\mvnrepository\org\projectlombok\lombok\1.18.8\lombok-1.18.8.jar;E:\mvnrepository\org\springframework\boot\spring-boot-starter-data-jpa\2.2.4.RELEASE\spring-boot-starter-data-jpa-2.2.4.RELEASE.jar;E:\mvnrepository\org\springframework\boot\spring-boot-starter-aop\2.2.4.RELEASE\spring-boot-starter-aop-2.2.4.RELEASE.jar;E:\mvnrepository\org\aspectj\aspectjweaver\1.9.5\aspectjweaver-1.9.5.jar;E:\mvnrepository\org\springframework\boot\spring-boot-starter-jdbc\2.2.4.RELEASE\spring-boot-starter-jdbc-2.2.4.RELEASE.jar;E:\mvnrepository\com\zaxxer\HikariCP\3.4.2\HikariCP-3.4.2.jar;E:\mvnrepository\org\springframework\spring-jdbc\5.2.3.RELEASE\spring-jdbc-5.2.3.RELEASE.jar;E:\mvnrepository\jakarta\activation\jakarta.activation-api\1.2.1\jakarta.activation-api-1.2.1.jar;E:\mvnrepository\jakarta\persistence\jakarta.persistence-api\2.2.3\jakarta.persistence-api-2.2.3.jar;E:\mvnrepository\jakarta\transaction\jakarta.transaction-api\1.3.3\jakarta.transaction-api-1.3.3.jar;E:\mvnrepository\org\hibernate\hibernate-core\5.4.10.Final\hibernate-core-5.4.10.Final.jar;E:\mvnrepository\org\jboss\logging\jboss-logging\3.4.1.Final\jboss-logging-3.4.1.Final.jar;E:\mvnrepository\org\javassist\javassist\3.24.0-GA\javassist-3.24.0-GA.jar;E:\mvnrepository\net\bytebuddy\byte-buddy\1.10.6\byte-buddy-1.10.6.jar;E:\mvnrepository\antlr\antlr\2.7.7\antlr-2.7.7.jar;E:\mvnrepository\org\jboss\jandex\2.1.1.Final\jandex-2.1.1.Final.jar;E:\mvnrepository\com\fasterxml\classmate\1.5.1\classmate-1.5.1.jar;E:\mvnrepository\org\dom4j\dom4j\2.1.1\dom4j-2.1.1.jar;E:\mvnrepository\org\hibernate\common\hibernate-commons-annotations\5.1.0.Final\hibernate-commons-annotations-5.1.0.Final.jar;E:\mvnrepository\org\glassfish\jaxb\jaxb-runtime\2.3.2\jaxb-runtime-2.3.2.jar;E:\mvnrepository\org\glassfish\jaxb\txw2\2.3.2\txw2-2.3.2.jar;E:\mvnrepository\com\sun\istack\istack-commons-runtime\3.0.8\istack-commons-runtime-3.0.8.jar;E:\mvnrepository\org\jvnet\staxex\stax-ex\1.8.1\stax-ex-1.8.1.jar;E:\mvnrepository\com\sun\xml\fastinfoset\FastInfoset\1.2.16\FastInfoset-1.2.16.jar;E:\mvnrepository\org\springframework\data\spring-data-jpa\2.2.4.RELEASE\spring-data-jpa-2.2.4.RELEASE.jar;E:\mvnrepository\org\springframework\data\spring-data-commons\2.2.4.RELEASE\spring-data-commons-2.2.4.RELEASE.jar;E:\mvnrepository\org\springframework\spring-orm\5.2.3.RELEASE\spring-orm-5.2.3.RELEASE.jar;E:\mvnrepository\org\springframework\spring-tx\5.2.3.RELEASE\spring-tx-5.2.3.RELEASE.jar;E:\mvnrepository\org\slf4j\slf4j-api\1.7.30\slf4j-api-1.7.30.jar;E:\mvnrepository\org\springframework\spring-aspects\5.2.3.RELEASE\spring-aspects-5.2.3.RELEASE.jar;E:\mvnrepository\mysql\mysql-connector-java\5.1.47\mysql-connector-java-5.1.47.jar;E:\mvnrepository\junit\junit\4.12\junit-4.12.jar;E:\mvnrepository\org\hamcrest\hamcrest-core\2.1\hamcrest-core-2.1.jar;E:\mvnrepository\org\springframework\boot\spring-boot-starter-test\2.2.4.RELEASE\spring-boot-starter-test-2.2.4.RELEASE.jar;E:\mvnrepository\org\springframework\boot\spring-boot-test\2.2.4.RELEASE\spring-boot-test-2.2.4.RELEASE.jar;E:\mvnrepository\org\springframework\boot\spring-boot-test-autoconfigure\2.2.4.RELEASE\spring-boot-test-autoconfigure-2.2.4.RELEASE.jar;E:\mvnrepository\com\jayway\jsonpath\json-path\2.4.0\json-path-2.4.0.jar;E:\mvnrepository\net\minidev\json-smart\2.3\json-smart-2.3.jar;E:\mvnrepository\net\minidev\accessors-smart\1.2\accessors-smart-1.2.jar;E:\mvnrepository\org\ow2\asm\asm\5.0.4\asm-5.0.4.jar;E:\mvnrepository\jakarta\xml\bind\jakarta.xml.bind-api\2.3.2\jakarta.xml.bind-api-2.3.2.jar;E:\mvnrepository\org\junit\jupiter\junit-jupiter\5.5.2\junit-jupiter-5.5.2.jar;E:\mvnrepository\org\junit\jupiter\junit-jupiter-api\5.5.2\junit-jupiter-api-5.5.2.jar;E:\mvnrepository\org\opentest4j\opentest4j\1.2.0\opentest4j-1.2.0.jar;E:\mvnrepository\org\junit\platform\junit-platform-commons\1.5.2\junit-platform-commons-1.5.2.jar;E:\mvnrepository\org\junit\jupiter\junit-jupiter-params\5.5.2\junit-jupiter-params-5.5.2.jar;E:\mvnrepository\org\junit\jupiter\junit-jupiter-engine\5.5.2\junit-jupiter-engine-5.5.2.jar;E:\mvnrepository\org\junit\vintage\junit-vintage-engine\5.5.2\junit-vintage-engine-5.5.2.jar;E:\mvnrepository\org\apiguardian\apiguardian-api\1.1.0\apiguardian-api-1.1.0.jar;E:\mvnrepository\org\junit\platform\junit-platform-engine\1.5.2\junit-platform-engine-1.5.2.jar;E:\mvnrepository\org\mockito\mockito-junit-jupiter\3.1.0\mockito-junit-jupiter-3.1.0.jar;E:\mvnrepository\org\assertj\assertj-core\3.13.2\assertj-core-3.13.2.jar;E:\mvnrepository\org\hamcrest\hamcrest\2.1\hamcrest-2.1.jar;E:\mvnrepository\org\mockito\mockito-core\3.1.0\mockito-core-3.1.0.jar;E:\mvnrepository\net\bytebuddy\byte-buddy-agent\1.10.6\byte-buddy-agent-1.10.6.jar;E:\mvnrepository\org\objenesis\objenesis\2.6\objenesis-2.6.jar;E:\mvnrepository\org\skyscreamer\jsonassert\1.5.0\jsonassert-1.5.0.jar;E:\mvnrepository\com\vaadin\external\google\android-json\0.0.20131108.vaadin1\android-json-0.0.20131108.vaadin1.jar;E:\mvnrepository\org\springframework\spring-core\5.2.3.RELEASE\spring-core-5.2.3.RELEASE.jar;E:\mvnrepository\org\springframework\spring-jcl\5.2.3.RELEASE\spring-jcl-5.2.3.RELEASE.jar;E:\mvnrepository\org\springframework\spring-test\5.2.3.RELEASE\spring-test-5.2.3.RELEASE.jar;E:\mvnrepository\org\xmlunit\xmlunit-core\2.6.3\xmlunit-core-2.6.3.jar;"/>
    <property name="java.vm.vendor" value="Oracle Corporation"/>
    <property name="sun.arch.data.model" value="64"/>
    <property name="user.variant" value=""/>
    <property name="java.vendor.url" value="http://java.oracle.com/"/>
    <property name="user.timezone" value="Asia/Shanghai"/>
    <property name="java.vm.specification.version" value="1.8"/>
    <property name="os.name" value="Windows 10"/>
    <property name="user.country" value="CN"/>
    <property name="sun.java.launcher" value="SUN_STANDARD"/>
    <property name="sun.boot.library.path" value="E:\java\jdk8\jre\bin"/>
    <property name="sun.java.command" value="C:\Users\WANGWE~1\AppData\Local\Temp\surefire4161544842106575625\surefirebooter1912963370477465792.jar C:\Users\wangwenjie666\AppData\Local\Temp\surefire4161544842106575625 2020-01-24T17-24-58_688-jvmRun1 surefire2222186451666322708tmp surefire_07784317899717325608tmp"/>
    <property name="surefire.test.class.path" value="H:\git\springboot\springboot-log\target\test-classes;H:\git\springboot\springboot-log\target\classes;E:\mvnrepository\org\springframework\boot\spring-boot-starter-web\2.2.4.RELEASE\spring-boot-starter-web-2.2.4.RELEASE.jar;E:\mvnrepository\org\springframework\boot\spring-boot-starter\2.2.4.RELEASE\spring-boot-starter-2.2.4.RELEASE.jar;E:\mvnrepository\org\springframework\boot\spring-boot\2.2.4.RELEASE\spring-boot-2.2.4.RELEASE.jar;E:\mvnrepository\org\springframework\boot\spring-boot-autoconfigure\2.2.4.RELEASE\spring-boot-autoconfigure-2.2.4.RELEASE.jar;E:\mvnrepository\org\springframework\boot\spring-boot-starter-logging\2.2.4.RELEASE\spring-boot-starter-logging-2.2.4.RELEASE.jar;E:\mvnrepository\ch\qos\logback\logback-classic\1.2.3\logback-classic-1.2.3.jar;E:\mvnrepository\ch\qos\logback\logback-core\1.2.3\logback-core-1.2.3.jar;E:\mvnrepository\org\apache\logging\log4j\log4j-to-slf4j\2.12.1\log4j-to-slf4j-2.12.1.jar;E:\mvnrepository\org\apache\logging\log4j\log4j-api\2.12.1\log4j-api-2.12.1.jar;E:\mvnrepository\org\slf4j\jul-to-slf4j\1.7.30\jul-to-slf4j-1.7.30.jar;E:\mvnrepository\jakarta\annotation\jakarta.annotation-api\1.3.5\jakarta.annotation-api-1.3.5.jar;E:\mvnrepository\org\yaml\snakeyaml\1.25\snakeyaml-1.25.jar;E:\mvnrepository\org\springframework\boot\spring-boot-starter-json\2.2.4.RELEASE\spring-boot-starter-json-2.2.4.RELEASE.jar;E:\mvnrepository\com\fasterxml\jackson\core\jackson-databind\2.10.2\jackson-databind-2.10.2.jar;E:\mvnrepository\com\fasterxml\jackson\core\jackson-annotations\2.10.2\jackson-annotations-2.10.2.jar;E:\mvnrepository\com\fasterxml\jackson\core\jackson-core\2.10.2\jackson-core-2.10.2.jar;E:\mvnrepository\com\fasterxml\jackson\datatype\jackson-datatype-jdk8\2.10.2\jackson-datatype-jdk8-2.10.2.jar;E:\mvnrepository\com\fasterxml\jackson\datatype\jackson-datatype-jsr310\2.10.2\jackson-datatype-jsr310-2.10.2.jar;E:\mvnrepository\com\fasterxml\jackson\module\jackson-module-parameter-names\2.10.2\jackson-module-parameter-names-2.10.2.jar;E:\mvnrepository\org\springframework\boot\spring-boot-starter-tomcat\2.2.4.RELEASE\spring-boot-starter-tomcat-2.2.4.RELEASE.jar;E:\mvnrepository\org\apache\tomcat\embed\tomcat-embed-core\9.0.30\tomcat-embed-core-9.0.30.jar;E:\mvnrepository\org\apache\tomcat\embed\tomcat-embed-el\9.0.30\tomcat-embed-el-9.0.30.jar;E:\mvnrepository\org\apache\tomcat\embed\tomcat-embed-websocket\9.0.30\tomcat-embed-websocket-9.0.30.jar;E:\mvnrepository\org\springframework\boot\spring-boot-starter-validation\2.2.4.RELEASE\spring-boot-starter-validation-2.2.4.RELEASE.jar;E:\mvnrepository\jakarta\validation\jakarta.validation-api\2.0.2\jakarta.validation-api-2.0.2.jar;E:\mvnrepository\org\hibernate\validator\hibernate-validator\6.0.18.Final\hibernate-validator-6.0.18.Final.jar;E:\mvnrepository\org\springframework\spring-web\5.2.3.RELEASE\spring-web-5.2.3.RELEASE.jar;E:\mvnrepository\org\springframework\spring-beans\5.2.3.RELEASE\spring-beans-5.2.3.RELEASE.jar;E:\mvnrepository\org\springframework\spring-webmvc\5.2.3.RELEASE\spring-webmvc-5.2.3.RELEASE.jar;E:\mvnrepository\org\springframework\spring-aop\5.2.3.RELEASE\spring-aop-5.2.3.RELEASE.jar;E:\mvnrepository\org\springframework\spring-context\5.2.3.RELEASE\spring-context-5.2.3.RELEASE.jar;E:\mvnrepository\org\springframework\spring-expression\5.2.3.RELEASE\spring-expression-5.2.3.RELEASE.jar;E:\mvnrepository\org\projectlombok\lombok\1.18.8\lombok-1.18.8.jar;E:\mvnrepository\org\springframework\boot\spring-boot-starter-data-jpa\2.2.4.RELEASE\spring-boot-starter-data-jpa-2.2.4.RELEASE.jar;E:\mvnrepository\org\springframework\boot\spring-boot-starter-aop\2.2.4.RELEASE\spring-boot-starter-aop-2.2.4.RELEASE.jar;E:\mvnrepository\org\aspectj\aspectjweaver\1.9.5\aspectjweaver-1.9.5.jar;E:\mvnrepository\org\springframework\boot\spring-boot-starter-jdbc\2.2.4.RELEASE\spring-boot-starter-jdbc-2.2.4.RELEASE.jar;E:\mvnrepository\com\zaxxer\HikariCP\3.4.2\HikariCP-3.4.2.jar;E:\mvnrepository\org\springframework\spring-jdbc\5.2.3.RELEASE\spring-jdbc-5.2.3.RELEASE.jar;E:\mvnrepository\jakarta\activation\jakarta.activation-api\1.2.1\jakarta.activation-api-1.2.1.jar;E:\mvnrepository\jakarta\persistence\jakarta.persistence-api\2.2.3\jakarta.persistence-api-2.2.3.jar;E:\mvnrepository\jakarta\transaction\jakarta.transaction-api\1.3.3\jakarta.transaction-api-1.3.3.jar;E:\mvnrepository\org\hibernate\hibernate-core\5.4.10.Final\hibernate-core-5.4.10.Final.jar;E:\mvnrepository\org\jboss\logging\jboss-logging\3.4.1.Final\jboss-logging-3.4.1.Final.jar;E:\mvnrepository\org\javassist\javassist\3.24.0-GA\javassist-3.24.0-GA.jar;E:\mvnrepository\net\bytebuddy\byte-buddy\1.10.6\byte-buddy-1.10.6.jar;E:\mvnrepository\antlr\antlr\2.7.7\antlr-2.7.7.jar;E:\mvnrepository\org\jboss\jandex\2.1.1.Final\jandex-2.1.1.Final.jar;E:\mvnrepository\com\fasterxml\classmate\1.5.1\classmate-1.5.1.jar;E:\mvnrepository\org\dom4j\dom4j\2.1.1\dom4j-2.1.1.jar;E:\mvnrepository\org\hibernate\common\hibernate-commons-annotations\5.1.0.Final\hibernate-commons-annotations-5.1.0.Final.jar;E:\mvnrepository\org\glassfish\jaxb\jaxb-runtime\2.3.2\jaxb-runtime-2.3.2.jar;E:\mvnrepository\org\glassfish\jaxb\txw2\2.3.2\txw2-2.3.2.jar;E:\mvnrepository\com\sun\istack\istack-commons-runtime\3.0.8\istack-commons-runtime-3.0.8.jar;E:\mvnrepository\org\jvnet\staxex\stax-ex\1.8.1\stax-ex-1.8.1.jar;E:\mvnrepository\com\sun\xml\fastinfoset\FastInfoset\1.2.16\FastInfoset-1.2.16.jar;E:\mvnrepository\org\springframework\data\spring-data-jpa\2.2.4.RELEASE\spring-data-jpa-2.2.4.RELEASE.jar;E:\mvnrepository\org\springframework\data\spring-data-commons\2.2.4.RELEASE\spring-data-commons-2.2.4.RELEASE.jar;E:\mvnrepository\org\springframework\spring-orm\5.2.3.RELEASE\spring-orm-5.2.3.RELEASE.jar;E:\mvnrepository\org\springframework\spring-tx\5.2.3.RELEASE\spring-tx-5.2.3.RELEASE.jar;E:\mvnrepository\org\slf4j\slf4j-api\1.7.30\slf4j-api-1.7.30.jar;E:\mvnrepository\org\springframework\spring-aspects\5.2.3.RELEASE\spring-aspects-5.2.3.RELEASE.jar;E:\mvnrepository\mysql\mysql-connector-java\5.1.47\mysql-connector-java-5.1.47.jar;E:\mvnrepository\junit\junit\4.12\junit-4.12.jar;E:\mvnrepository\org\hamcrest\hamcrest-core\2.1\hamcrest-core-2.1.jar;E:\mvnrepository\org\springframework\boot\spring-boot-starter-test\2.2.4.RELEASE\spring-boot-starter-test-2.2.4.RELEASE.jar;E:\mvnrepository\org\springframework\boot\spring-boot-test\2.2.4.RELEASE\spring-boot-test-2.2.4.RELEASE.jar;E:\mvnrepository\org\springframework\boot\spring-boot-test-autoconfigure\2.2.4.RELEASE\spring-boot-test-autoconfigure-2.2.4.RELEASE.jar;E:\mvnrepository\com\jayway\jsonpath\json-path\2.4.0\json-path-2.4.0.jar;E:\mvnrepository\net\minidev\json-smart\2.3\json-smart-2.3.jar;E:\mvnrepository\net\minidev\accessors-smart\1.2\accessors-smart-1.2.jar;E:\mvnrepository\org\ow2\asm\asm\5.0.4\asm-5.0.4.jar;E:\mvnrepository\jakarta\xml\bind\jakarta.xml.bind-api\2.3.2\jakarta.xml.bind-api-2.3.2.jar;E:\mvnrepository\org\junit\jupiter\junit-jupiter\5.5.2\junit-jupiter-5.5.2.jar;E:\mvnrepository\org\junit\jupiter\junit-jupiter-api\5.5.2\junit-jupiter-api-5.5.2.jar;E:\mvnrepository\org\opentest4j\opentest4j\1.2.0\opentest4j-1.2.0.jar;E:\mvnrepository\org\junit\platform\junit-platform-commons\1.5.2\junit-platform-commons-1.5.2.jar;E:\mvnrepository\org\junit\jupiter\junit-jupiter-params\5.5.2\junit-jupiter-params-5.5.2.jar;E:\mvnrepository\org\junit\jupiter\junit-jupiter-engine\5.5.2\junit-jupiter-engine-5.5.2.jar;E:\mvnrepository\org\junit\vintage\junit-vintage-engine\5.5.2\junit-vintage-engine-5.5.2.jar;E:\mvnrepository\org\apiguardian\apiguardian-api\1.1.0\apiguardian-api-1.1.0.jar;E:\mvnrepository\org\junit\platform\junit-platform-engine\1.5.2\junit-platform-engine-1.5.2.jar;E:\mvnrepository\org\mockito\mockito-junit-jupiter\3.1.0\mockito-junit-jupiter-3.1.0.jar;E:\mvnrepository\org\assertj\assertj-core\3.13.2\assertj-core-3.13.2.jar;E:\mvnrepository\org\hamcrest\hamcrest\2.1\hamcrest-2.1.jar;E:\mvnrepository\org\mockito\mockito-core\3.1.0\mockito-core-3.1.0.jar;E:\mvnrepository\net\bytebuddy\byte-buddy-agent\1.10.6\byte-buddy-agent-1.10.6.jar;E:\mvnrepository\org\objenesis\objenesis\2.6\objenesis-2.6.jar;E:\mvnrepository\org\skyscreamer\jsonassert\1.5.0\jsonassert-1.5.0.jar;E:\mvnrepository\com\vaadin\external\google\android-json\0.0.20131108.vaadin1\android-json-0.0.20131108.vaadin1.jar;E:\mvnrepository\org\springframework\spring-core\5.2.3.RELEASE\spring-core-5.2.3.RELEASE.jar;E:\mvnrepository\org\springframework\spring-jcl\5.2.3.RELEASE\spring-jcl-5.2.3.RELEASE.jar;E:\mvnrepository\org\springframework\spring-test\5.2.3.RELEASE\spring-test-5.2.3.RELEASE.jar;E:\mvnrepository\org\xmlunit\xmlunit-core\2.6.3\xmlunit-core-2.6.3.jar;"/>
    <property name="sun.cpu.endian" value="little"/>
    <property name="user.home" value="C:\Users\wangwenjie666"/>
    <property name="user.language" value="zh"/>
    <property name="java.specification.vendor" value="Oracle Corporation"/>
    <property name="java.home" value="E:\java\jdk8\jre"/>
    <property name="basedir" value="H:\git\springboot\springboot-log"/>
    <property name="file.separator" value="\"/>
    <property name="line.separator" value="&#10;"/>
    <property name="java.vm.specification.vendor" value="Oracle Corporation"/>
    <property name="java.specification.name" value="Java Platform API Specification"/>
    <property name="java.awt.graphicsenv" value="sun.awt.Win32GraphicsEnvironment"/>
    <property name="surefire.real.class.path" value="C:\Users\WANGWE~1\AppData\Local\Temp\surefire4161544842106575625\surefirebooter1912963370477465792.jar"/>
    <property name="sun.boot.class.path" value="E:\java\jdk8\jre\lib\resources.jar;E:\java\jdk8\jre\lib\rt.jar;E:\java\jdk8\jre\lib\sunrsasign.jar;E:\java\jdk8\jre\lib\jsse.jar;E:\java\jdk8\jre\lib\jce.jar;E:\java\jdk8\jre\lib\charsets.jar;E:\java\jdk8\jre\lib\jfr.jar;E:\java\jdk8\jre\classes"/>
    <property name="user.script" value=""/>
    <property name="sun.management.compiler" value="HotSpot 64-Bit Tiered Compilers"/>
    <property name="java.runtime.version" value="1.8.0_191-b12"/>
    <property name="user.name" value="wangwenjie666"/>
    <property name="path.separator" value=";"/>
    <property name="os.version" value="10.0"/>
    <property name="java.endorsed.dirs" value="E:\java\jdk8\jre\lib\endorsed"/>
    <property name="java.runtime.name" value="Java(TM) SE Runtime Environment"/>
    <property name="file.encoding" value="GBK"/>
    <property name="java.vm.name" value="Java HotSpot(TM) 64-Bit Server VM"/>
    <property name="localRepository" value="E:\mvnrepository"/>
    <property name="java.vendor.url.bug" value="http://bugreport.sun.com/bugreport/"/>
    <property name="java.io.tmpdir" value="C:\Users\WANGWE~1\AppData\Local\Temp\"/>
    <property name="java.version" value="1.8.0_191"/>
    <property name="user.dir" value="H:\git\springboot\springboot-log"/>
    <property name="os.arch" value="amd64"/>
    <property name="java.vm.specification.name" value="Java Virtual Machine Specification"/>
    <property name="java.awt.printerjob" value="sun.awt.windows.WPrinterJob"/>
    <property name="idea.version2019.1.3" value="true"/>
    <property name="sun.os.patch.level" value=""/>
    <property name="java.library.path" value="E:\java\jdk8\jre\bin;C:\WINDOWS\Sun\Java\bin;C:\WINDOWS\system32;C:\WINDOWS;D:\软件安装\xftp\;C:\Windows;C:\Windows\System32\Wbem;C:\Windows\System32\WindowsPowerShell\v1.0\;C:\Windows\System32\OpenSSH\;C:\Program Files (x86)\NVIDIA Corporation\PhysX\Common;C:\Program Files\NVIDIA Corporation\NVIDIA NGX;C:\Program Files\NVIDIA Corporation\NVIDIA NvDLISR;C:\WINDOWS\system32;C:\WINDOWS;C:\WINDOWS\System32\Wbem;C:\WINDOWS\System32\WindowsPowerShell\v1.0\;C:\WINDOWS\System32\OpenSSH\;E:\java\jdk8\bin;E:\java\jdk8\jre\bin;E:\node\node.exe;E:\node\node_global;E:\node;E:\git\Git\cmd;E:\tortoisegit\bin;C:\Program Files (x86)\MySQL\MySQL Utilities 1.6\;C:\Program Files\MySQL\MySQL Server 5.7\bin;E:\gradle\gradle-5.6.4-bin\gradle-5.6.4\bin;C:\Users\wangwenjie666\AppData\Local\Microsoft\WindowsApps;C:\Users\wangwenjie666\AppData\Roaming\npm;."/>
    <property name="java.vm.info" value="mixed mode"/>
    <property name="java.vendor" value="Oracle Corporation"/>
    <property name="java.vm.version" value="25.191-b12"/>
    <property name="java.ext.dirs" value="E:\java\jdk8\jre\lib\ext;C:\WINDOWS\Sun\Java\lib\ext"/>
    <property name="sun.io.unicode.encoding" value="UnicodeLittle"/>
    <property name="maven.repo.local" value="E:\mvnrepository"/>
    <property name="java.class.version" value="52.0"/>
  </properties>
  <testcase name="test01" classname="org.spring.demo.DemoTest" time="0.002"/>
</testsuite>